[0.458s] Invoking command in '/ros2_ws/src/arm_model': PYTHONPATH=/ros2_ws/build/arm_model/prefix_override:/usr/lib/python3/dist-packages/colcon_core/task/python/colcon_distutils_commands:/ros2_ws/install/arm_model/lib/python3.12/site-packages:${PYTHONPATH} /usr/bin/python3 -W ignore:setup.py install is deprecated -W ignore:easy_install command is deprecated setup.py egg_info --egg-base ../../build/arm_model build --build-base /ros2_ws/build/arm_model/build install --record /ros2_ws/build/arm_model/install.log --single-version-externally-managed install_data
[0.610s] running egg_info
[0.621s] writing ../../build/arm_model/arm_model.egg-info/PKG-INFO
[0.622s] writing dependency_links to ../../build/arm_model/arm_model.egg-info/dependency_links.txt
[0.622s] writing requirements to ../../build/arm_model/arm_model.egg-info/requires.txt
[0.622s] writing top-level names to ../../build/arm_model/arm_model.egg-info/top_level.txt
[0.639s] reading manifest file '../../build/arm_model/arm_model.egg-info/SOURCES.txt'
[0.640s] writing manifest file '../../build/arm_model/arm_model.egg-info/SOURCES.txt'
[0.640s] running build
[0.640s] running build_py
[0.640s] running install
[0.644s] running install_lib
[0.654s] running install_data
[0.654s] copying launch/display.launch.py -> /ros2_ws/install/arm_model/share/arm_model/launch
[0.654s] copying urdf/minimal_test.urdf.xacro -> /ros2_ws/install/arm_model/share/arm_model/urdf
[0.654s] running install_egg_info
[0.664s] removing '/ros2_ws/install/arm_model/lib/python3.12/site-packages/arm_model-0.0.0-py3.12.egg-info' (and everything under it)
[0.664s] Copying ../../build/arm_model/arm_model.egg-info to /ros2_ws/install/arm_model/lib/python3.12/site-packages/arm_model-0.0.0-py3.12.egg-info
[0.665s] running install_scripts
[0.736s] writing list of installed files to '/ros2_ws/build/arm_model/install.log'
[0.755s] Invoked command in '/ros2_ws/src/arm_model' returned '0': PYTHONPATH=/ros2_ws/build/arm_model/prefix_override:/usr/lib/python3/dist-packages/colcon_core/task/python/colcon_distutils_commands:/ros2_ws/install/arm_model/lib/python3.12/site-packages:${PYTHONPATH} /usr/bin/python3 -W ignore:setup.py install is deprecated -W ignore:easy_install command is deprecated setup.py egg_info --egg-base ../../build/arm_model build --build-base /ros2_ws/build/arm_model/build install --record /ros2_ws/build/arm_model/install.log --single-version-externally-managed install_data
