[0.499s] Invoking command in '/ros2_ws/src/arm_model': PYTHONPATH=/ros2_ws/build/arm_model/prefix_override:/usr/lib/python3/dist-packages/colcon_core/task/python/colcon_distutils_commands:/ros2_ws/install/arm_model/lib/python3.12/site-packages:${PYTHONPATH} /usr/bin/python3 -W ignore:setup.py install is deprecated -W ignore:easy_install command is deprecated setup.py egg_info --egg-base ../../build/arm_model build --build-base /ros2_ws/build/arm_model/build install --record /ros2_ws/build/arm_model/install.log --single-version-externally-managed install_data
[0.656s] running egg_info
[0.664s] writing ../../build/arm_model/arm_model.egg-info/PKG-INFO
[0.665s] writing dependency_links to ../../build/arm_model/arm_model.egg-info/dependency_links.txt
[0.665s] writing requirements to ../../build/arm_model/arm_model.egg-info/requires.txt
[0.665s] writing top-level names to ../../build/arm_model/arm_model.egg-info/top_level.txt
[0.684s] reading manifest file '../../build/arm_model/arm_model.egg-info/SOURCES.txt'
[0.685s] writing manifest file '../../build/arm_model/arm_model.egg-info/SOURCES.txt'
[0.685s] running build
[0.685s] running build_py
[0.685s] running install
[0.689s] running install_lib
[0.700s] running install_data
[0.700s] copying launch/display.launch.py -> /ros2_ws/install/arm_model/share/arm_model/launch
[0.700s] running install_egg_info
[0.719s] removing '/ros2_ws/install/arm_model/lib/python3.12/site-packages/arm_model-0.0.0-py3.12.egg-info' (and everything under it)
[0.719s] Copying ../../build/arm_model/arm_model.egg-info to /ros2_ws/install/arm_model/lib/python3.12/site-packages/arm_model-0.0.0-py3.12.egg-info
[0.720s] running install_scripts
[0.786s] writing list of installed files to '/ros2_ws/build/arm_model/install.log'
[0.804s] Invoked command in '/ros2_ws/src/arm_model' returned '0': PYTHONPATH=/ros2_ws/build/arm_model/prefix_override:/usr/lib/python3/dist-packages/colcon_core/task/python/colcon_distutils_commands:/ros2_ws/install/arm_model/lib/python3.12/site-packages:${PYTHONPATH} /usr/bin/python3 -W ignore:setup.py install is deprecated -W ignore:easy_install command is deprecated setup.py egg_info --egg-base ../../build/arm_model build --build-base /ros2_ws/build/arm_model/build install --record /ros2_ws/build/arm_model/install.log --single-version-externally-managed install_data
