[0.016s] Invoking command in '/ros2_ws/build/urdf_tutorial': CMAKE_PREFIX_PATH=${CMAKE_PREFIX_PATH}:/opt/ros/jazzy /usr/bin/cmake /ros2_ws/src/urdf_tutorial -DCMAKE_INSTALL_PREFIX=/ros2_ws/install/urdf_tutorial
[0.095s] -- Found ament_cmake: 2.5.4 (/opt/ros/jazzy/share/ament_cmake/cmake)
[0.217s] -- Found Python3: /usr/bin/python3 (found version "3.12.3") found components: Interpreter 
[0.337s] -- Found ament_lint_auto: 0.17.2 (/opt/ros/jazzy/share/ament_lint_auto/cmake)
[0.400s] -- Configuring done (0.3s)
[0.406s] -- Generating done (0.0s)
[0.408s] -- Build files have been written to: /ros2_ws/build/urdf_tutorial
[0.413s] Invoked command in '/ros2_ws/build/urdf_tutorial' returned '0': CMAKE_PREFIX_PATH=${CMAKE_PREFIX_PATH}:/opt/ros/jazzy /usr/bin/cmake /ros2_ws/src/urdf_tutorial -DCMAKE_INSTALL_PREFIX=/ros2_ws/install/urdf_tutorial
[0.414s] Invoking command in '/ros2_ws/build/urdf_tutorial': CMAKE_PREFIX_PATH=${CMAKE_PREFIX_PATH}:/opt/ros/jazzy /usr/bin/cmake --build /ros2_ws/build/urdf_tutorial -- -j8 -l8
[0.446s] Invoked command in '/ros2_ws/build/urdf_tutorial' returned '0': CMAKE_PREFIX_PATH=${CMAKE_PREFIX_PATH}:/opt/ros/jazzy /usr/bin/cmake --build /ros2_ws/build/urdf_tutorial -- -j8 -l8
[0.454s] Invoking command in '/ros2_ws/build/urdf_tutorial': CMAKE_PREFIX_PATH=${CMAKE_PREFIX_PATH}:/opt/ros/jazzy /usr/bin/cmake --install /ros2_ws/build/urdf_tutorial
[0.460s] -- Install configuration: ""
[0.462s] -- Installing: /ros2_ws/install/urdf_tutorial/share/urdf_tutorial/images
[0.462s] -- Installing: /ros2_ws/install/urdf_tutorial/share/urdf_tutorial/images/materials.png
[0.462s] -- Installing: /ros2_ws/install/urdf_tutorial/share/urdf_tutorial/images/multipleshapes.png
[0.462s] -- Installing: /ros2_ws/install/urdf_tutorial/share/urdf_tutorial/images/origins.png
[0.463s] -- Installing: /ros2_ws/install/urdf_tutorial/share/urdf_tutorial/images/myfirst.png
[0.463s] -- Installing: /ros2_ws/install/urdf_tutorial/share/urdf_tutorial/images/flexible.png
[0.463s] -- Installing: /ros2_ws/install/urdf_tutorial/share/urdf_tutorial/images/visual.png
[0.463s] -- Installing: /ros2_ws/install/urdf_tutorial/share/urdf_tutorial/launch
[0.463s] -- Installing: /ros2_ws/install/urdf_tutorial/share/urdf_tutorial/launch/display.launch.py
[0.463s] -- Installing: /ros2_ws/install/urdf_tutorial/share/urdf_tutorial/meshes
[0.463s] -- Installing: /ros2_ws/install/urdf_tutorial/share/urdf_tutorial/meshes/l_finger_tip_color.png
[0.463s] -- Installing: /ros2_ws/install/urdf_tutorial/share/urdf_tutorial/meshes/l_finger_color.png
[0.463s] -- Installing: /ros2_ws/install/urdf_tutorial/share/urdf_tutorial/meshes/l_finger.dae
[0.464s] -- Installing: /ros2_ws/install/urdf_tutorial/share/urdf_tutorial/meshes/l_finger_tip.dae
[0.464s] -- Installing: /ros2_ws/install/urdf_tutorial/share/urdf_tutorial/rviz
[0.464s] -- Installing: /ros2_ws/install/urdf_tutorial/share/urdf_tutorial/rviz/urdf.rviz
[0.464s] -- Installing: /ros2_ws/install/urdf_tutorial/share/urdf_tutorial/urdf
[0.464s] -- Installing: /ros2_ws/install/urdf_tutorial/share/urdf_tutorial/urdf/06-flexible.urdf
[0.464s] -- Installing: /ros2_ws/install/urdf_tutorial/share/urdf_tutorial/urdf/04-materials.urdf
[0.464s] -- Installing: /ros2_ws/install/urdf_tutorial/share/urdf_tutorial/urdf/05-visual.urdf
[0.464s] -- Installing: /ros2_ws/install/urdf_tutorial/share/urdf_tutorial/urdf/07-physics.urdf
[0.464s] -- Installing: /ros2_ws/install/urdf_tutorial/share/urdf_tutorial/urdf/01-myfirst.urdf
[0.464s] -- Installing: /ros2_ws/install/urdf_tutorial/share/urdf_tutorial/urdf/02-multipleshapes.urdf
[0.465s] -- Installing: /ros2_ws/install/urdf_tutorial/share/urdf_tutorial/urdf/08-macroed.urdf.xacro
[0.465s] -- Installing: /ros2_ws/install/urdf_tutorial/share/urdf_tutorial/urdf/03-origins.urdf
[0.465s] -- Installing: /ros2_ws/install/urdf_tutorial/share/ament_index/resource_index/package_run_dependencies/urdf_tutorial
[0.465s] -- Installing: /ros2_ws/install/urdf_tutorial/share/ament_index/resource_index/parent_prefix_path/urdf_tutorial
[0.466s] -- Installing: /ros2_ws/install/urdf_tutorial/share/urdf_tutorial/environment/ament_prefix_path.sh
[0.466s] -- Installing: /ros2_ws/install/urdf_tutorial/share/urdf_tutorial/environment/ament_prefix_path.dsv
[0.466s] -- Installing: /ros2_ws/install/urdf_tutorial/share/urdf_tutorial/environment/path.sh
[0.466s] -- Installing: /ros2_ws/install/urdf_tutorial/share/urdf_tutorial/environment/path.dsv
[0.466s] -- Installing: /ros2_ws/install/urdf_tutorial/share/urdf_tutorial/local_setup.bash
[0.466s] -- Installing: /ros2_ws/install/urdf_tutorial/share/urdf_tutorial/local_setup.sh
[0.466s] -- Installing: /ros2_ws/install/urdf_tutorial/share/urdf_tutorial/local_setup.zsh
[0.467s] -- Installing: /ros2_ws/install/urdf_tutorial/share/urdf_tutorial/local_setup.dsv
[0.467s] -- Installing: /ros2_ws/install/urdf_tutorial/share/urdf_tutorial/package.dsv
[0.467s] -- Installing: /ros2_ws/install/urdf_tutorial/share/ament_index/resource_index/packages/urdf_tutorial
[0.467s] -- Installing: /ros2_ws/install/urdf_tutorial/share/urdf_tutorial/cmake/urdf_tutorialConfig.cmake
[0.467s] -- Installing: /ros2_ws/install/urdf_tutorial/share/urdf_tutorial/cmake/urdf_tutorialConfig-version.cmake
[0.467s] -- Installing: /ros2_ws/install/urdf_tutorial/share/urdf_tutorial/package.xml
[0.469s] Invoked command in '/ros2_ws/build/urdf_tutorial' returned '0': CMAKE_PREFIX_PATH=${CMAKE_PREFIX_PATH}:/opt/ros/jazzy /usr/bin/cmake --install /ros2_ws/build/urdf_tutorial
