[0.718s] DEBUG:colcon:Command line arguments: ['/usr/bin/colcon', 'build']
[0.718s] DEBUG:colcon:Parsed command line arguments: Namespace(log_base=None, log_level=None, verb_name='build', build_base='build', install_base='install', merge_install=False, symlink_install=False, test_result_base=None, continue_on_error=False, executor='parallel', parallel_workers=8, event_handlers=None, ignore_user_meta=False, metas=['./colcon.meta'], base_paths=['.'], packages_ignore=None, packages_ignore_regex=None, paths=None, packages_up_to=None, packages_up_to_regex=None, packages_above=None, packages_above_and_dependencies=None, packages_above_depth=None, packages_select_by_dep=None, packages_skip_by_dep=None, packages_skip_up_to=None, packages_select_build_failed=False, packages_skip_build_finished=False, packages_select_test_failures=False, packages_skip_test_passed=False, packages_select=None, packages_skip=None, packages_select_regex=None, packages_skip_regex=None, packages_start=None, packages_end=None, cmake_args=None, cmake_target=None, cmake_target_skip_unavailable=False, cmake_clean_cache=False, cmake_clean_first=False, cmake_force_configure=False, ament_cmake_args=None, catkin_cmake_args=None, catkin_skip_building_tests=False, mixin_files=None, mixin=None, verb_parser=<colcon_mixin.mixin.mixin_argument.MixinArgumentDecorator object at 0x7f7730b5cda0>, verb_extension=<colcon_core.verb.build.BuildVerb object at 0x7f7730cb8f50>, main=<bound method BuildVerb.main of <colcon_core.verb.build.BuildVerb object at 0x7f7730cb8f50>>, mixin_verb=('build',))
[0.999s] Level 1:colcon.colcon_core.package_discovery:discover_packages(colcon_meta) check parameters
[1.003s] INFO:colcon.colcon_metadata.package_discovery.colcon_meta:Using configuration from '/root/.colcon/metadata/default/Gazebo.meta'
[1.005s] INFO:colcon.colcon_metadata.package_discovery.colcon_meta:Using configuration from '/root/.colcon/metadata/default/fastdds.meta'
[1.007s] INFO:colcon.colcon_metadata.package_discovery.colcon_meta:Using configuration from '/root/.colcon/metadata/default/fastrtps.meta'
[1.007s] Level 1:colcon.colcon_core.package_discovery:discover_packages(recursive) check parameters
[1.007s] Level 1:colcon.colcon_core.package_discovery:discover_packages(ignore) check parameters
[1.007s] Level 1:colcon.colcon_core.package_discovery:discover_packages(path) check parameters
[1.007s] Level 1:colcon.colcon_core.package_discovery:discover_packages(colcon_meta) discover
[1.007s] Level 1:colcon.colcon_core.package_discovery:discover_packages(recursive) discover
[1.007s] INFO:colcon.colcon_core.package_discovery:Crawling recursively for packages in '/ros2_ws'
[1.008s] Level 1:colcon.colcon_core.package_identification:_identify(.) by extensions ['ignore', 'ignore_ament_install']
[1.008s] Level 1:colcon.colcon_core.package_identification:_identify(.) by extension 'ignore'
[1.008s] Level 1:colcon.colcon_core.package_identification:_identify(.) by extension 'ignore_ament_install'
[1.008s] Level 1:colcon.colcon_core.package_identification:_identify(.) by extensions ['colcon_pkg']
[1.008s] Level 1:colcon.colcon_core.package_identification:_identify(.) by extension 'colcon_pkg'
[1.008s] Level 1:colcon.colcon_core.package_identification:_identify(.) by extensions ['colcon_meta']
[1.008s] Level 1:colcon.colcon_core.package_identification:_identify(.) by extension 'colcon_meta'
[1.008s] Level 1:colcon.colcon_core.package_identification:_identify(.) by extensions ['ros']
[1.008s] Level 1:colcon.colcon_core.package_identification:_identify(.) by extension 'ros'
[1.113s] Level 1:colcon.colcon_core.package_identification:_identify(.) by extensions ['cmake', 'python']
[1.113s] Level 1:colcon.colcon_core.package_identification:_identify(.) by extension 'cmake'
[1.113s] Level 1:colcon.colcon_core.package_identification:_identify(.) by extension 'python'
[1.113s] Level 1:colcon.colcon_core.package_identification:_identify(.) by extensions ['python_setup_py']
[1.113s] Level 1:colcon.colcon_core.package_identification:_identify(.) by extension 'python_setup_py'
[1.113s] Level 1:colcon.colcon_core.package_identification:_identify(build) by extensions ['ignore', 'ignore_ament_install']
[1.113s] Level 1:colcon.colcon_core.package_identification:_identify(build) by extension 'ignore'
[1.113s] Level 1:colcon.colcon_core.package_identification:_identify(build) ignored
[1.117s] Level 1:colcon.colcon_core.package_identification:_identify(install) by extensions ['ignore', 'ignore_ament_install']
[1.117s] Level 1:colcon.colcon_core.package_identification:_identify(install) by extension 'ignore'
[1.117s] Level 1:colcon.colcon_core.package_identification:_identify(install) ignored
[1.117s] Level 1:colcon.colcon_core.package_identification:_identify(log) by extensions ['ignore', 'ignore_ament_install']
[1.118s] Level 1:colcon.colcon_core.package_identification:_identify(log) by extension 'ignore'
[1.118s] Level 1:colcon.colcon_core.package_identification:_identify(log) ignored
[1.118s] Level 1:colcon.colcon_core.package_identification:_identify(src) by extensions ['ignore', 'ignore_ament_install']
[1.118s] Level 1:colcon.colcon_core.package_identification:_identify(src) by extension 'ignore'
[1.118s] Level 1:colcon.colcon_core.package_identification:_identify(src) by extension 'ignore_ament_install'
[1.118s] Level 1:colcon.colcon_core.package_identification:_identify(src) by extensions ['colcon_pkg']
[1.118s] Level 1:colcon.colcon_core.package_identification:_identify(src) by extension 'colcon_pkg'
[1.118s] Level 1:colcon.colcon_core.package_identification:_identify(src) by extensions ['colcon_meta']
[1.118s] Level 1:colcon.colcon_core.package_identification:_identify(src) by extension 'colcon_meta'
[1.118s] Level 1:colcon.colcon_core.package_identification:_identify(src) by extensions ['ros']
[1.118s] Level 1:colcon.colcon_core.package_identification:_identify(src) by extension 'ros'
[1.118s] Level 1:colcon.colcon_core.package_identification:_identify(src) by extensions ['cmake', 'python']
[1.118s] Level 1:colcon.colcon_core.package_identification:_identify(src) by extension 'cmake'
[1.118s] Level 1:colcon.colcon_core.package_identification:_identify(src) by extension 'python'
[1.118s] Level 1:colcon.colcon_core.package_identification:_identify(src) by extensions ['python_setup_py']
[1.118s] Level 1:colcon.colcon_core.package_identification:_identify(src) by extension 'python_setup_py'
[1.119s] Level 1:colcon.colcon_core.package_identification:_identify(src/arm_model) by extensions ['ignore', 'ignore_ament_install']
[1.120s] Level 1:colcon.colcon_core.package_identification:_identify(src/arm_model) by extension 'ignore'
[1.120s] Level 1:colcon.colcon_core.package_identification:_identify(src/arm_model) by extension 'ignore_ament_install'
[1.120s] Level 1:colcon.colcon_core.package_identification:_identify(src/arm_model) by extensions ['colcon_pkg']
[1.120s] Level 1:colcon.colcon_core.package_identification:_identify(src/arm_model) by extension 'colcon_pkg'
[1.120s] Level 1:colcon.colcon_core.package_identification:_identify(src/arm_model) by extensions ['colcon_meta']
[1.120s] Level 1:colcon.colcon_core.package_identification:_identify(src/arm_model) by extension 'colcon_meta'
[1.120s] Level 1:colcon.colcon_core.package_identification:_identify(src/arm_model) by extensions ['ros']
[1.120s] Level 1:colcon.colcon_core.package_identification:_identify(src/arm_model) by extension 'ros'
[1.129s] DEBUG:colcon.colcon_core.package_identification:Package 'src/arm_model' with type 'ros.ament_python' and name 'arm_model'
[1.130s] Level 1:colcon.colcon_core.package_identification:_identify(src/launch) by extensions ['ignore', 'ignore_ament_install']
[1.131s] Level 1:colcon.colcon_core.package_identification:_identify(src/launch) by extension 'ignore'
[1.131s] Level 1:colcon.colcon_core.package_identification:_identify(src/launch) by extension 'ignore_ament_install'
[1.131s] Level 1:colcon.colcon_core.package_identification:_identify(src/launch) by extensions ['colcon_pkg']
[1.131s] Level 1:colcon.colcon_core.package_identification:_identify(src/launch) by extension 'colcon_pkg'
[1.131s] Level 1:colcon.colcon_core.package_identification:_identify(src/launch) by extensions ['colcon_meta']
[1.131s] Level 1:colcon.colcon_core.package_identification:_identify(src/launch) by extension 'colcon_meta'
[1.131s] Level 1:colcon.colcon_core.package_identification:_identify(src/launch) by extensions ['ros']
[1.131s] Level 1:colcon.colcon_core.package_identification:_identify(src/launch) by extension 'ros'
[1.132s] Level 1:colcon.colcon_core.package_identification:_identify(src/launch) by extensions ['cmake', 'python']
[1.132s] Level 1:colcon.colcon_core.package_identification:_identify(src/launch) by extension 'cmake'
[1.132s] Level 1:colcon.colcon_core.package_identification:_identify(src/launch) by extension 'python'
[1.132s] Level 1:colcon.colcon_core.package_identification:_identify(src/launch) by extensions ['python_setup_py']
[1.132s] Level 1:colcon.colcon_core.package_identification:_identify(src/launch) by extension 'python_setup_py'
[1.133s] Level 1:colcon.colcon_core.package_identification:_identify(src/meshes) by extensions ['ignore', 'ignore_ament_install']
[1.133s] Level 1:colcon.colcon_core.package_identification:_identify(src/meshes) by extension 'ignore'
[1.133s] Level 1:colcon.colcon_core.package_identification:_identify(src/meshes) by extension 'ignore_ament_install'
[1.134s] Level 1:colcon.colcon_core.package_identification:_identify(src/meshes) by extensions ['colcon_pkg']
[1.134s] Level 1:colcon.colcon_core.package_identification:_identify(src/meshes) by extension 'colcon_pkg'
[1.134s] Level 1:colcon.colcon_core.package_identification:_identify(src/meshes) by extensions ['colcon_meta']
[1.134s] Level 1:colcon.colcon_core.package_identification:_identify(src/meshes) by extension 'colcon_meta'
[1.134s] Level 1:colcon.colcon_core.package_identification:_identify(src/meshes) by extensions ['ros']
[1.134s] Level 1:colcon.colcon_core.package_identification:_identify(src/meshes) by extension 'ros'
[1.134s] Level 1:colcon.colcon_core.package_identification:_identify(src/meshes) by extensions ['cmake', 'python']
[1.134s] Level 1:colcon.colcon_core.package_identification:_identify(src/meshes) by extension 'cmake'
[1.134s] Level 1:colcon.colcon_core.package_identification:_identify(src/meshes) by extension 'python'
[1.134s] Level 1:colcon.colcon_core.package_identification:_identify(src/meshes) by extensions ['python_setup_py']
[1.134s] Level 1:colcon.colcon_core.package_identification:_identify(src/meshes) by extension 'python_setup_py'
[1.134s] Level 1:colcon.colcon_core.package_identification:_identify(src/urdf_tutorial) by extensions ['ignore', 'ignore_ament_install']
[1.134s] Level 1:colcon.colcon_core.package_identification:_identify(src/urdf_tutorial) by extension 'ignore'
[1.134s] Level 1:colcon.colcon_core.package_identification:_identify(src/urdf_tutorial) by extension 'ignore_ament_install'
[1.134s] Level 1:colcon.colcon_core.package_identification:_identify(src/urdf_tutorial) by extensions ['colcon_pkg']
[1.134s] Level 1:colcon.colcon_core.package_identification:_identify(src/urdf_tutorial) by extension 'colcon_pkg'
[1.134s] Level 1:colcon.colcon_core.package_identification:_identify(src/urdf_tutorial) by extensions ['colcon_meta']
[1.134s] Level 1:colcon.colcon_core.package_identification:_identify(src/urdf_tutorial) by extension 'colcon_meta'
[1.134s] Level 1:colcon.colcon_core.package_identification:_identify(src/urdf_tutorial) by extensions ['ros']
[1.135s] Level 1:colcon.colcon_core.package_identification:_identify(src/urdf_tutorial) by extension 'ros'
[1.135s] DEBUG:colcon.colcon_core.package_identification:Package 'src/urdf_tutorial' with type 'ros.ament_cmake' and name 'urdf_tutorial'
[1.135s] Level 1:colcon.colcon_core.package_discovery:discover_packages(recursive) using defaults
[1.136s] Level 1:colcon.colcon_core.package_discovery:discover_packages(ignore) discover
[1.136s] Level 1:colcon.colcon_core.package_discovery:discover_packages(ignore) using defaults
[1.136s] Level 1:colcon.colcon_core.package_discovery:discover_packages(path) discover
[1.136s] Level 1:colcon.colcon_core.package_discovery:discover_packages(path) using defaults
[1.214s] Level 5:colcon.colcon_core.verb:set package 'arm_model' build argument 'cmake_args' from command line to 'None'
[1.214s] Level 5:colcon.colcon_core.verb:set package 'arm_model' build argument 'cmake_target' from command line to 'None'
[1.214s] Level 5:colcon.colcon_core.verb:set package 'arm_model' build argument 'cmake_target_skip_unavailable' from command line to 'False'
[1.214s] Level 5:colcon.colcon_core.verb:set package 'arm_model' build argument 'cmake_clean_cache' from command line to 'False'
[1.214s] Level 5:colcon.colcon_core.verb:set package 'arm_model' build argument 'cmake_clean_first' from command line to 'False'
[1.214s] Level 5:colcon.colcon_core.verb:set package 'arm_model' build argument 'cmake_force_configure' from command line to 'False'
[1.214s] Level 5:colcon.colcon_core.verb:set package 'arm_model' build argument 'ament_cmake_args' from command line to 'None'
[1.214s] Level 5:colcon.colcon_core.verb:set package 'arm_model' build argument 'catkin_cmake_args' from command line to 'None'
[1.214s] Level 5:colcon.colcon_core.verb:set package 'arm_model' build argument 'catkin_skip_building_tests' from command line to 'False'
[1.214s] DEBUG:colcon.colcon_core.verb:Building package 'arm_model' with the following arguments: {'ament_cmake_args': None, 'build_base': '/ros2_ws/build/arm_model', 'catkin_cmake_args': None, 'catkin_skip_building_tests': False, 'cmake_args': None, 'cmake_clean_cache': False, 'cmake_clean_first': False, 'cmake_force_configure': False, 'cmake_target': None, 'cmake_target_skip_unavailable': False, 'install_base': '/ros2_ws/install/arm_model', 'merge_install': False, 'path': '/ros2_ws/src/arm_model', 'symlink_install': False, 'test_result_base': None}
[1.214s] Level 5:colcon.colcon_core.verb:set package 'urdf_tutorial' build argument 'cmake_args' from command line to 'None'
[1.214s] Level 5:colcon.colcon_core.verb:set package 'urdf_tutorial' build argument 'cmake_target' from command line to 'None'
[1.214s] Level 5:colcon.colcon_core.verb:set package 'urdf_tutorial' build argument 'cmake_target_skip_unavailable' from command line to 'False'
[1.214s] Level 5:colcon.colcon_core.verb:set package 'urdf_tutorial' build argument 'cmake_clean_cache' from command line to 'False'
[1.214s] Level 5:colcon.colcon_core.verb:set package 'urdf_tutorial' build argument 'cmake_clean_first' from command line to 'False'
[1.214s] Level 5:colcon.colcon_core.verb:set package 'urdf_tutorial' build argument 'cmake_force_configure' from command line to 'False'
[1.214s] Level 5:colcon.colcon_core.verb:set package 'urdf_tutorial' build argument 'ament_cmake_args' from command line to 'None'
[1.214s] Level 5:colcon.colcon_core.verb:set package 'urdf_tutorial' build argument 'catkin_cmake_args' from command line to 'None'
[1.214s] Level 5:colcon.colcon_core.verb:set package 'urdf_tutorial' build argument 'catkin_skip_building_tests' from command line to 'False'
[1.215s] DEBUG:colcon.colcon_core.verb:Building package 'urdf_tutorial' with the following arguments: {'ament_cmake_args': None, 'build_base': '/ros2_ws/build/urdf_tutorial', 'catkin_cmake_args': None, 'catkin_skip_building_tests': False, 'cmake_args': None, 'cmake_clean_cache': False, 'cmake_clean_first': False, 'cmake_force_configure': False, 'cmake_target': None, 'cmake_target_skip_unavailable': False, 'install_base': '/ros2_ws/install/urdf_tutorial', 'merge_install': False, 'path': '/ros2_ws/src/urdf_tutorial', 'symlink_install': False, 'test_result_base': None}
[1.215s] INFO:colcon.colcon_core.executor:Executing jobs using 'parallel' executor
[1.222s] DEBUG:colcon.colcon_parallel_executor.executor.parallel:run_until_complete
[1.222s] INFO:colcon.colcon_ros.task.ament_python.build:Building ROS package in '/ros2_ws/src/arm_model' with build type 'ament_python'
[1.223s] Level 1:colcon.colcon_core.shell:create_environment_hook('arm_model', 'ament_prefix_path')
[1.246s] INFO:colcon.colcon_core.plugin_system:Skipping extension 'colcon_core.shell.bat': Not used on non-Windows systems
[1.247s] INFO:colcon.colcon_core.shell:Creating environment hook '/ros2_ws/install/arm_model/share/arm_model/hook/ament_prefix_path.ps1'
[1.250s] INFO:colcon.colcon_core.shell:Creating environment descriptor '/ros2_ws/install/arm_model/share/arm_model/hook/ament_prefix_path.dsv'
[1.251s] INFO:colcon.colcon_core.shell:Creating environment hook '/ros2_ws/install/arm_model/share/arm_model/hook/ament_prefix_path.sh'
[1.254s] INFO:colcon.colcon_core.shell:Skip shell extension 'powershell' for command environment: Not usable outside of PowerShell
[1.254s] DEBUG:colcon.colcon_core.shell:Skip shell extension 'dsv' for command environment
[1.302s] INFO:colcon.colcon_ros.task.ament_cmake.build:Building ROS package in '/ros2_ws/src/urdf_tutorial' with build type 'ament_cmake'
[1.303s] INFO:colcon.colcon_cmake.task.cmake.build:Building CMake package in '/ros2_ws/src/urdf_tutorial'
[1.303s] INFO:colcon.colcon_core.shell:Skip shell extension 'powershell' for command environment: Not usable outside of PowerShell
[1.303s] DEBUG:colcon.colcon_core.shell:Skip shell extension 'dsv' for command environment
[1.730s] INFO:colcon.colcon_core.task.python.build:Building Python package in '/ros2_ws/src/arm_model'
[1.730s] INFO:colcon.colcon_core.shell:Skip shell extension 'powershell' for command environment: Not usable outside of PowerShell
[1.730s] DEBUG:colcon.colcon_core.shell:Skip shell extension 'dsv' for command environment
[1.749s] DEBUG:colcon.colcon_core.event_handler.log_command:Invoking command in '/ros2_ws/build/urdf_tutorial': CMAKE_PREFIX_PATH=${CMAKE_PREFIX_PATH}:/opt/ros/jazzy /usr/bin/cmake --build /ros2_ws/build/urdf_tutorial -- -j8 -l8
[2.546s] DEBUG:colcon.colcon_core.event_handler.log_command:Invoked command in '/ros2_ws/build/urdf_tutorial' returned '0': CMAKE_PREFIX_PATH=${CMAKE_PREFIX_PATH}:/opt/ros/jazzy /usr/bin/cmake --build /ros2_ws/build/urdf_tutorial -- -j8 -l8
[2.560s] DEBUG:colcon.colcon_core.event_handler.log_command:Invoking command in '/ros2_ws/build/urdf_tutorial': CMAKE_PREFIX_PATH=${CMAKE_PREFIX_PATH}:/opt/ros/jazzy /usr/bin/cmake --install /ros2_ws/build/urdf_tutorial
[2.581s] Level 1:colcon.colcon_core.environment:create_environment_scripts_only(urdf_tutorial)
[2.582s] DEBUG:colcon.colcon_core.event_handler.log_command:Invoked command in '/ros2_ws/build/urdf_tutorial' returned '0': CMAKE_PREFIX_PATH=${CMAKE_PREFIX_PATH}:/opt/ros/jazzy /usr/bin/cmake --install /ros2_ws/build/urdf_tutorial
[2.591s] Level 1:colcon.colcon_core.environment:checking '/ros2_ws/install/urdf_tutorial' for CMake module files
[2.593s] Level 1:colcon.colcon_core.environment:checking '/ros2_ws/install/urdf_tutorial' for CMake config files
[2.595s] Level 1:colcon.colcon_core.shell:create_environment_hook('urdf_tutorial', 'cmake_prefix_path')
[2.595s] INFO:colcon.colcon_core.shell:Creating environment hook '/ros2_ws/install/urdf_tutorial/share/urdf_tutorial/hook/cmake_prefix_path.ps1'
[2.596s] INFO:colcon.colcon_core.shell:Creating environment descriptor '/ros2_ws/install/urdf_tutorial/share/urdf_tutorial/hook/cmake_prefix_path.dsv'
[2.596s] INFO:colcon.colcon_core.shell:Creating environment hook '/ros2_ws/install/urdf_tutorial/share/urdf_tutorial/hook/cmake_prefix_path.sh'
[2.597s] Level 1:colcon.colcon_core.environment:checking '/ros2_ws/install/urdf_tutorial/bin'
[2.597s] Level 1:colcon.colcon_core.environment:checking '/ros2_ws/install/urdf_tutorial/lib/pkgconfig/urdf_tutorial.pc'
[2.597s] Level 1:colcon.colcon_core.environment:checking '/ros2_ws/install/urdf_tutorial/lib/python3.12/site-packages'
[2.598s] Level 1:colcon.colcon_core.environment:checking '/ros2_ws/install/urdf_tutorial/bin'
[2.598s] INFO:colcon.colcon_core.shell:Creating package script '/ros2_ws/install/urdf_tutorial/share/urdf_tutorial/package.ps1'
[2.599s] INFO:colcon.colcon_core.shell:Creating package descriptor '/ros2_ws/install/urdf_tutorial/share/urdf_tutorial/package.dsv'
[2.600s] INFO:colcon.colcon_core.shell:Creating package script '/ros2_ws/install/urdf_tutorial/share/urdf_tutorial/package.sh'
[2.601s] INFO:colcon.colcon_core.shell:Creating package script '/ros2_ws/install/urdf_tutorial/share/urdf_tutorial/package.bash'
[2.603s] INFO:colcon.colcon_core.shell:Creating package script '/ros2_ws/install/urdf_tutorial/share/urdf_tutorial/package.zsh'
[2.604s] Level 1:colcon.colcon_core.environment:create_file_with_runtime_dependencies(/ros2_ws/install/urdf_tutorial/share/colcon-core/packages/urdf_tutorial)
[2.605s] Level 1:colcon.colcon_core.environment:create_environment_scripts_only(urdf_tutorial)
[2.605s] Level 1:colcon.colcon_core.environment:checking '/ros2_ws/install/urdf_tutorial' for CMake module files
[2.605s] Level 1:colcon.colcon_core.environment:checking '/ros2_ws/install/urdf_tutorial' for CMake config files
[2.605s] Level 1:colcon.colcon_core.shell:create_environment_hook('urdf_tutorial', 'cmake_prefix_path')
[2.605s] INFO:colcon.colcon_core.shell:Creating environment hook '/ros2_ws/install/urdf_tutorial/share/urdf_tutorial/hook/cmake_prefix_path.ps1'
[2.606s] INFO:colcon.colcon_core.shell:Creating environment descriptor '/ros2_ws/install/urdf_tutorial/share/urdf_tutorial/hook/cmake_prefix_path.dsv'
[2.606s] INFO:colcon.colcon_core.shell:Creating environment hook '/ros2_ws/install/urdf_tutorial/share/urdf_tutorial/hook/cmake_prefix_path.sh'
[2.607s] Level 1:colcon.colcon_core.environment:checking '/ros2_ws/install/urdf_tutorial/bin'
[2.607s] Level 1:colcon.colcon_core.environment:checking '/ros2_ws/install/urdf_tutorial/lib/pkgconfig/urdf_tutorial.pc'
[2.607s] Level 1:colcon.colcon_core.environment:checking '/ros2_ws/install/urdf_tutorial/lib/python3.12/site-packages'
[2.607s] Level 1:colcon.colcon_core.environment:checking '/ros2_ws/install/urdf_tutorial/bin'
[2.607s] INFO:colcon.colcon_core.shell:Creating package script '/ros2_ws/install/urdf_tutorial/share/urdf_tutorial/package.ps1'
[2.608s] INFO:colcon.colcon_core.shell:Creating package descriptor '/ros2_ws/install/urdf_tutorial/share/urdf_tutorial/package.dsv'
[2.608s] INFO:colcon.colcon_core.shell:Creating package script '/ros2_ws/install/urdf_tutorial/share/urdf_tutorial/package.sh'
[2.608s] INFO:colcon.colcon_core.shell:Creating package script '/ros2_ws/install/urdf_tutorial/share/urdf_tutorial/package.bash'
[2.609s] INFO:colcon.colcon_core.shell:Creating package script '/ros2_ws/install/urdf_tutorial/share/urdf_tutorial/package.zsh'
[2.609s] Level 1:colcon.colcon_core.environment:create_file_with_runtime_dependencies(/ros2_ws/install/urdf_tutorial/share/colcon-core/packages/urdf_tutorial)
[2.949s] DEBUG:colcon.colcon_core.event_handler.log_command:Invoking command in '/ros2_ws/src/arm_model': PYTHONPATH=/ros2_ws/build/arm_model/prefix_override:/usr/lib/python3/dist-packages/colcon_core/task/python/colcon_distutils_commands:/ros2_ws/install/arm_model/lib/python3.12/site-packages:${PYTHONPATH} /usr/bin/python3 -W ignore:setup.py install is deprecated -W ignore:easy_install command is deprecated setup.py egg_info --egg-base ../../build/arm_model build --build-base /ros2_ws/build/arm_model/build install --record /ros2_ws/build/arm_model/install.log --single-version-externally-managed install_data
[3.468s] Level 1:colcon.colcon_core.environment:checking '/ros2_ws/install/arm_model' for CMake module files
[3.469s] DEBUG:colcon.colcon_core.event_handler.log_command:Invoked command in '/ros2_ws/src/arm_model' returned '0': PYTHONPATH=/ros2_ws/build/arm_model/prefix_override:/usr/lib/python3/dist-packages/colcon_core/task/python/colcon_distutils_commands:/ros2_ws/install/arm_model/lib/python3.12/site-packages:${PYTHONPATH} /usr/bin/python3 -W ignore:setup.py install is deprecated -W ignore:easy_install command is deprecated setup.py egg_info --egg-base ../../build/arm_model build --build-base /ros2_ws/build/arm_model/build install --record /ros2_ws/build/arm_model/install.log --single-version-externally-managed install_data
[3.473s] Level 1:colcon.colcon_core.environment:checking '/ros2_ws/install/arm_model' for CMake config files
[3.476s] Level 1:colcon.colcon_core.environment:checking '/ros2_ws/install/arm_model/lib'
[3.477s] Level 1:colcon.colcon_core.environment:checking '/ros2_ws/install/arm_model/bin'
[3.477s] Level 1:colcon.colcon_core.environment:checking '/ros2_ws/install/arm_model/lib/pkgconfig/arm_model.pc'
[3.477s] Level 1:colcon.colcon_core.environment:checking '/ros2_ws/install/arm_model/lib/python3.12/site-packages'
[3.477s] Level 1:colcon.colcon_core.shell:create_environment_hook('arm_model', 'pythonpath')
[3.478s] INFO:colcon.colcon_core.shell:Creating environment hook '/ros2_ws/install/arm_model/share/arm_model/hook/pythonpath.ps1'
[3.478s] INFO:colcon.colcon_core.shell:Creating environment descriptor '/ros2_ws/install/arm_model/share/arm_model/hook/pythonpath.dsv'
[3.478s] INFO:colcon.colcon_core.shell:Creating environment hook '/ros2_ws/install/arm_model/share/arm_model/hook/pythonpath.sh'
[3.479s] Level 1:colcon.colcon_core.environment:checking '/ros2_ws/install/arm_model/bin'
[3.479s] Level 1:colcon.colcon_core.environment:create_environment_scripts_only(arm_model)
[3.479s] INFO:colcon.colcon_core.shell:Creating package script '/ros2_ws/install/arm_model/share/arm_model/package.ps1'
[3.480s] INFO:colcon.colcon_core.shell:Creating package descriptor '/ros2_ws/install/arm_model/share/arm_model/package.dsv'
[3.480s] INFO:colcon.colcon_core.shell:Creating package script '/ros2_ws/install/arm_model/share/arm_model/package.sh'
[3.480s] INFO:colcon.colcon_core.shell:Creating package script '/ros2_ws/install/arm_model/share/arm_model/package.bash'
[3.481s] INFO:colcon.colcon_core.shell:Creating package script '/ros2_ws/install/arm_model/share/arm_model/package.zsh'
[3.481s] Level 1:colcon.colcon_core.environment:create_file_with_runtime_dependencies(/ros2_ws/install/arm_model/share/colcon-core/packages/arm_model)
[3.481s] DEBUG:colcon.colcon_parallel_executor.executor.parallel:closing loop
[3.482s] DEBUG:colcon.colcon_parallel_executor.executor.parallel:loop closed
[3.482s] DEBUG:colcon.colcon_parallel_executor.executor.parallel:run_until_complete finished with '0'
[3.482s] DEBUG:colcon.colcon_core.event_reactor:joining thread
[3.512s] INFO:colcon.colcon_core.plugin_system:Skipping extension 'colcon_notification.desktop_notification.notify_send': Could not find 'notify-send'
[3.512s] INFO:colcon.colcon_core.plugin_system:Skipping extension 'colcon_notification.desktop_notification.terminal_notifier': Not used on non-Darwin systems
[3.512s] INFO:colcon.colcon_core.plugin_system:Skipping extension 'colcon_notification.desktop_notification.win32': Not used on non-Windows systems
[3.512s] INFO:colcon.colcon_notification.desktop_notification:Sending desktop notification using 'notify2'
[3.524s] DEBUG:colcon.colcon_notification.desktop_notification.notify2:Failed to initialize notify2: org.freedesktop.DBus.Error.Spawn.ExecFailed: /usr/bin/dbus-launch terminated abnormally without any error message
[3.524s] DEBUG:colcon.colcon_core.event_reactor:joined thread
[3.525s] INFO:colcon.colcon_core.shell:Creating prefix script '/ros2_ws/install/local_setup.ps1'
[3.526s] INFO:colcon.colcon_core.shell:Creating prefix util module '/ros2_ws/install/_local_setup_util_ps1.py'
[3.528s] INFO:colcon.colcon_core.shell:Creating prefix chain script '/ros2_ws/install/setup.ps1'
[3.530s] INFO:colcon.colcon_core.shell:Creating prefix script '/ros2_ws/install/local_setup.sh'
[3.531s] INFO:colcon.colcon_core.shell:Creating prefix util module '/ros2_ws/install/_local_setup_util_sh.py'
[3.532s] INFO:colcon.colcon_core.shell:Creating prefix chain script '/ros2_ws/install/setup.sh'
[3.533s] INFO:colcon.colcon_core.shell:Creating prefix script '/ros2_ws/install/local_setup.bash'
[3.534s] INFO:colcon.colcon_core.shell:Creating prefix chain script '/ros2_ws/install/setup.bash'
[3.535s] INFO:colcon.colcon_core.shell:Creating prefix script '/ros2_ws/install/local_setup.zsh'
[3.536s] INFO:colcon.colcon_core.shell:Creating prefix chain script '/ros2_ws/install/setup.zsh'
