[0.018s] Invoking command in '/ros2_ws/build/urdf_tutorial': /usr/bin/cmake /ros2_ws/src/urdf_tutorial -DCATKIN_INSTALL_INTO_PREFIX_ROOT=0 -DCMAKE_INSTALL_PREFIX=/ros2_ws/install/urdf_tutorial
[0.194s] -- The C compiler identification is GNU 13.3.0
[0.303s] -- The CXX compiler identification is GNU 13.3.0
[0.325s] -- Detecting C compiler ABI info
[0.408s] -- Detecting C compiler ABI info - done
[0.413s] -- Check for working C compiler: /usr/bin/cc - skipped
[0.415s] -- Detecting C compile features
[0.416s] -- Detecting C compile features - done
[0.426s] -- Detecting CXX compiler ABI info
[0.500s] -- Detecting CXX compiler ABI info - done
[0.507s] -- Check for working CXX compiler: /usr/bin/c++ - skipped
[0.507s] -- Detecting CXX compile features
[0.507s] -- Detecting CXX compile features - done
[0.544s] [31mCMake Error at CMakeLists.txt:4 (find_package):
[0.544s]   By not providing "Findcatkin.cmake" in CMAKE_MODULE_PATH this project has
[0.544s]   asked CMake to find a package configuration file provided by "catkin", but
[0.544s]   CMake did not find one.
[0.544s] 
[0.544s]   Could not find a package configuration file provided by "catkin" with any
[0.544s]   of the following names:
[0.544s] 
[0.544s]     catkinConfig.cmake
[0.544s]     catkin-config.cmake
[0.544s] 
[0.544s]   Add the installation prefix of "catkin" to CMAKE_PREFIX_PATH or set
[0.544s]   "catkin_DIR" to a directory containing one of the above files.  If "catkin"
[0.544s]   provides a separate development package or SDK, be sure it has been
[0.544s]   installed.
[0.544s] 
[0.544s] [0m
[0.544s] -- Configuring incomplete, errors occurred!
[0.547s] Invoked command in '/ros2_ws/build/urdf_tutorial' returned '1': /usr/bin/cmake /ros2_ws/src/urdf_tutorial -DCATKIN_INSTALL_INTO_PREFIX_ROOT=0 -DCMAKE_INSTALL_PREFIX=/ros2_ws/install/urdf_tutorial
