[0.446s] Invoking command in '/ros2_ws/build/urdf_tutorial': CMAKE_PREFIX_PATH=${CMAKE_PREFIX_PATH}:/opt/ros/jazzy /usr/bin/cmake --build /ros2_ws/build/urdf_tutorial -- -j8 -l8
[0.767s] -- Found ament_cmake: 2.5.4 (/opt/ros/jazzy/share/ament_cmake/cmake)
[1.082s] -- Found ament_lint_auto: 0.17.2 (/opt/ros/jazzy/share/ament_lint_auto/cmake)
[1.194s] -- Configuring done (0.5s)
[1.208s] -- Generating done (0.0s)
[1.212s] -- Build files have been written to: /ros2_ws/build/urdf_tutorial
[1.243s] Invoked command in '/ros2_ws/build/urdf_tutorial' returned '0': CMAKE_PREFIX_PATH=${CMAKE_PREFIX_PATH}:/opt/ros/jazzy /usr/bin/cmake --build /ros2_ws/build/urdf_tutorial -- -j8 -l8
[1.258s] Invoking command in '/ros2_ws/build/urdf_tutorial': CMAKE_PREFIX_PATH=${CMAKE_PREFIX_PATH}:/opt/ros/jazzy /usr/bin/cmake --install /ros2_ws/build/urdf_tutorial
[1.266s] -- Install configuration: ""
[1.267s] -- Up-to-date: /ros2_ws/install/urdf_tutorial/share/urdf_tutorial/images
[1.267s] -- Installing: /ros2_ws/install/urdf_tutorial/share/urdf_tutorial/images/materials.png
[1.268s] -- Installing: /ros2_ws/install/urdf_tutorial/share/urdf_tutorial/images/multipleshapes.png
[1.268s] -- Installing: /ros2_ws/install/urdf_tutorial/share/urdf_tutorial/images/origins.png
[1.269s] -- Installing: /ros2_ws/install/urdf_tutorial/share/urdf_tutorial/images/myfirst.png
[1.269s] -- Installing: /ros2_ws/install/urdf_tutorial/share/urdf_tutorial/images/flexible.png
[1.270s] -- Installing: /ros2_ws/install/urdf_tutorial/share/urdf_tutorial/images/visual.png
[1.270s] -- Up-to-date: /ros2_ws/install/urdf_tutorial/share/urdf_tutorial/launch
[1.270s] -- Installing: /ros2_ws/install/urdf_tutorial/share/urdf_tutorial/launch/display.launch.py
[1.271s] -- Up-to-date: /ros2_ws/install/urdf_tutorial/share/urdf_tutorial/meshes
[1.271s] -- Installing: /ros2_ws/install/urdf_tutorial/share/urdf_tutorial/meshes/l_finger_tip_color.png
[1.271s] -- Installing: /ros2_ws/install/urdf_tutorial/share/urdf_tutorial/meshes/l_finger_color.png
[1.271s] -- Installing: /ros2_ws/install/urdf_tutorial/share/urdf_tutorial/meshes/l_finger.dae
[1.272s] -- Installing: /ros2_ws/install/urdf_tutorial/share/urdf_tutorial/meshes/l_finger_tip.dae
[1.272s] -- Up-to-date: /ros2_ws/install/urdf_tutorial/share/urdf_tutorial/rviz
[1.272s] -- Installing: /ros2_ws/install/urdf_tutorial/share/urdf_tutorial/rviz/urdf.rviz
[1.272s] -- Up-to-date: /ros2_ws/install/urdf_tutorial/share/urdf_tutorial/urdf
[1.273s] -- Installing: /ros2_ws/install/urdf_tutorial/share/urdf_tutorial/urdf/06-flexible.urdf
[1.273s] -- Installing: /ros2_ws/install/urdf_tutorial/share/urdf_tutorial/urdf/04-materials.urdf
[1.273s] -- Installing: /ros2_ws/install/urdf_tutorial/share/urdf_tutorial/urdf/05-visual.urdf
[1.273s] -- Installing: /ros2_ws/install/urdf_tutorial/share/urdf_tutorial/urdf/07-physics.urdf
[1.274s] -- Installing: /ros2_ws/install/urdf_tutorial/share/urdf_tutorial/urdf/01-myfirst.urdf
[1.274s] -- Installing: /ros2_ws/install/urdf_tutorial/share/urdf_tutorial/urdf/02-multipleshapes.urdf
[1.274s] -- Installing: /ros2_ws/install/urdf_tutorial/share/urdf_tutorial/urdf/08-macroed.urdf.xacro
[1.274s] -- Installing: /ros2_ws/install/urdf_tutorial/share/urdf_tutorial/urdf/03-origins.urdf
[1.274s] -- Up-to-date: /ros2_ws/install/urdf_tutorial/share/ament_index/resource_index/package_run_dependencies/urdf_tutorial
[1.275s] -- Up-to-date: /ros2_ws/install/urdf_tutorial/share/ament_index/resource_index/parent_prefix_path/urdf_tutorial
[1.275s] -- Up-to-date: /ros2_ws/install/urdf_tutorial/share/urdf_tutorial/environment/ament_prefix_path.sh
[1.276s] -- Up-to-date: /ros2_ws/install/urdf_tutorial/share/urdf_tutorial/environment/ament_prefix_path.dsv
[1.276s] -- Up-to-date: /ros2_ws/install/urdf_tutorial/share/urdf_tutorial/environment/path.sh
[1.276s] -- Up-to-date: /ros2_ws/install/urdf_tutorial/share/urdf_tutorial/environment/path.dsv
[1.276s] -- Up-to-date: /ros2_ws/install/urdf_tutorial/share/urdf_tutorial/local_setup.bash
[1.276s] -- Up-to-date: /ros2_ws/install/urdf_tutorial/share/urdf_tutorial/local_setup.sh
[1.276s] -- Up-to-date: /ros2_ws/install/urdf_tutorial/share/urdf_tutorial/local_setup.zsh
[1.276s] -- Up-to-date: /ros2_ws/install/urdf_tutorial/share/urdf_tutorial/local_setup.dsv
[1.276s] -- Up-to-date: /ros2_ws/install/urdf_tutorial/share/urdf_tutorial/package.dsv
[1.277s] -- Up-to-date: /ros2_ws/install/urdf_tutorial/share/ament_index/resource_index/packages/urdf_tutorial
[1.277s] -- Up-to-date: /ros2_ws/install/urdf_tutorial/share/urdf_tutorial/cmake/urdf_tutorialConfig.cmake
[1.277s] -- Up-to-date: /ros2_ws/install/urdf_tutorial/share/urdf_tutorial/cmake/urdf_tutorialConfig-version.cmake
[1.277s] -- Installing: /ros2_ws/install/urdf_tutorial/share/urdf_tutorial/package.xml
[1.280s] Invoked command in '/ros2_ws/build/urdf_tutorial' returned '0': CMAKE_PREFIX_PATH=${CMAKE_PREFIX_PATH}:/opt/ros/jazzy /usr/bin/cmake --install /ros2_ws/build/urdf_tutorial
