running egg_info
creating ../../build/arm_model/arm_model.egg-info
writing ../../build/arm_model/arm_model.egg-info/PKG-INFO
writing dependency_links to ../../build/arm_model/arm_model.egg-info/dependency_links.txt
writing requirements to ../../build/arm_model/arm_model.egg-info/requires.txt
writing top-level names to ../../build/arm_model/arm_model.egg-info/top_level.txt
writing manifest file '../../build/arm_model/arm_model.egg-info/SOURCES.txt'
reading manifest file '../../build/arm_model/arm_model.egg-info/SOURCES.txt'
writing manifest file '../../build/arm_model/arm_model.egg-info/SOURCES.txt'
running build
running build_py
creating /ros2_ws/build/arm_model/build
creating /ros2_ws/build/arm_model/build/lib
creating /ros2_ws/build/arm_model/build/lib/arm_model
copying arm_model/__init__.py -> /ros2_ws/build/arm_model/build/lib/arm_model
running install
running install_lib
creating /ros2_ws/install/arm_model/lib/python3.12/site-packages/arm_model
copying /ros2_ws/build/arm_model/build/lib/arm_model/__init__.py -> /ros2_ws/install/arm_model/lib/python3.12/site-packages/arm_model
byte-compiling /ros2_ws/install/arm_model/lib/python3.12/site-packages/arm_model/__init__.py to __init__.cpython-312.pyc
running install_data
creating /ros2_ws/install/arm_model/share/ament_index
creating /ros2_ws/install/arm_model/share/ament_index/resource_index
creating /ros2_ws/install/arm_model/share/ament_index/resource_index/packages
copying resource/arm_model -> /ros2_ws/install/arm_model/share/ament_index/resource_index/packages
copying package.xml -> /ros2_ws/install/arm_model/share/arm_model
running install_egg_info
Copying ../../build/arm_model/arm_model.egg-info to /ros2_ws/install/arm_model/lib/python3.12/site-packages/arm_model-0.0.0-py3.12.egg-info
running install_scripts
writing list of installed files to '/ros2_ws/build/arm_model/install.log'
