[0.886s] Invoking command in '/ros2_ws/src/arm_model': PYTHONPATH=/ros2_ws/build/arm_model/prefix_override:/usr/lib/python3/dist-packages/colcon_core/task/python/colcon_distutils_commands:/ros2_ws/install/arm_model/lib/python3.12/site-packages:${PYTHONPATH} /usr/bin/python3 -W ignore:setup.py install is deprecated -W ignore:easy_install command is deprecated setup.py egg_info --egg-base ../../build/arm_model build --build-base /ros2_ws/build/arm_model/build install --record /ros2_ws/build/arm_model/install.log --single-version-externally-managed install_data
[1.032s] running egg_info
[1.032s] creating ../../build/arm_model/arm_model.egg-info
[1.041s] writing ../../build/arm_model/arm_model.egg-info/PKG-INFO
[1.041s] writing dependency_links to ../../build/arm_model/arm_model.egg-info/dependency_links.txt
[1.042s] writing requirements to ../../build/arm_model/arm_model.egg-info/requires.txt
[1.042s] writing top-level names to ../../build/arm_model/arm_model.egg-info/top_level.txt
[1.042s] writing manifest file '../../build/arm_model/arm_model.egg-info/SOURCES.txt'
[1.060s] reading manifest file '../../build/arm_model/arm_model.egg-info/SOURCES.txt'
[1.061s] writing manifest file '../../build/arm_model/arm_model.egg-info/SOURCES.txt'
[1.061s] running build
[1.061s] running build_py
[1.061s] creating /ros2_ws/build/arm_model/build
[1.061s] creating /ros2_ws/build/arm_model/build/lib
[1.062s] creating /ros2_ws/build/arm_model/build/lib/arm_model
[1.062s] copying arm_model/__init__.py -> /ros2_ws/build/arm_model/build/lib/arm_model
[1.062s] running install
[1.065s] running install_lib
[1.074s] creating /ros2_ws/install/arm_model/lib/python3.12/site-packages/arm_model
[1.075s] copying /ros2_ws/build/arm_model/build/lib/arm_model/__init__.py -> /ros2_ws/install/arm_model/lib/python3.12/site-packages/arm_model
[1.075s] byte-compiling /ros2_ws/install/arm_model/lib/python3.12/site-packages/arm_model/__init__.py to __init__.cpython-312.pyc
[1.076s] running install_data
[1.076s] creating /ros2_ws/install/arm_model/share/ament_index
[1.076s] creating /ros2_ws/install/arm_model/share/ament_index/resource_index
[1.076s] creating /ros2_ws/install/arm_model/share/ament_index/resource_index/packages
[1.076s] copying resource/arm_model -> /ros2_ws/install/arm_model/share/ament_index/resource_index/packages
[1.077s] copying package.xml -> /ros2_ws/install/arm_model/share/arm_model
[1.077s] running install_egg_info
[1.087s] Copying ../../build/arm_model/arm_model.egg-info to /ros2_ws/install/arm_model/lib/python3.12/site-packages/arm_model-0.0.0-py3.12.egg-info
[1.088s] running install_scripts
[1.155s] writing list of installed files to '/ros2_ws/build/arm_model/install.log'
[1.176s] Invoked command in '/ros2_ws/src/arm_model' returned '0': PYTHONPATH=/ros2_ws/build/arm_model/prefix_override:/usr/lib/python3/dist-packages/colcon_core/task/python/colcon_distutils_commands:/ros2_ws/install/arm_model/lib/python3.12/site-packages:${PYTHONPATH} /usr/bin/python3 -W ignore:setup.py install is deprecated -W ignore:easy_install command is deprecated setup.py egg_info --egg-base ../../build/arm_model build --build-base /ros2_ws/build/arm_model/build install --record /ros2_ws/build/arm_model/install.log --single-version-externally-managed install_data
